====================================DD===================================
open file: /home/wens/Projects/GNN/data/TUDataset/DD/processed/data.pt
====================
Dataset: DD(1178):
--------------------
Number of graphs: 1178
Number of features: 89
Number of classes: 2
===========================================================
Data(edge_index=[2, 1798], x=[327, 89], y=[1])
------------------------------------------------------------
Number of nodes: 327
Number of edges: 1798
Average node degree: 5.50
Has isolated nodes: False
Has self-loops: False
Is undirected: True

====================================ENZYMES===================================
open file: /home/wens/Projects/GNN/data/TUDataset/ENZYMES/processed/data.pt
====================
Dataset: ENZYMES(600):
--------------------
Number of graphs: 600
Number of features: 3
Number of classes: 6
===========================================================
Data(edge_index=[2, 168], x=[37, 3], y=[1])
------------------------------------------------------------
Number of nodes: 37
Number of edges: 168
Average node degree: 4.54
Has isolated nodes: False
Has self-loops: False
Is undirected: True

====================================KKI===================================
open file: /home/wens/Projects/GNN/data/TUDataset/KKI/processed/data.pt
====================
Dataset: KKI(83):
--------------------
Number of graphs: 83
Number of features: 190
Number of classes: 2
===========================================================
Data(edge_index=[2, 406], x=[77, 190], y=[1])
------------------------------------------------------------
Number of nodes: 77
Number of edges: 406
Average node degree: 5.27
Has isolated nodes: False
Has self-loops: False
Is undirected: True

====================================OHSU===================================
open file: /home/wens/Projects/GNN/data/TUDataset/OHSU/processed/data.pt
====================
Dataset: OHSU(79):
--------------------
Number of graphs: 79
Number of features: 190
Number of classes: 2
===========================================================
Data(edge_index=[2, 264], x=[86, 190], y=[1])
------------------------------------------------------------
Number of nodes: 86
Number of edges: 264
Average node degree: 3.07
Has isolated nodes: False
Has self-loops: False
Is undirected: True

====================================Peking_1===================================
open file: /home/wens/Projects/GNN/data/TUDataset/Peking_1/processed/data.pt
====================
Dataset: Peking_1(85):
--------------------
Number of graphs: 85
Number of features: 190
Number of classes: 2
===========================================================
Data(edge_index=[2, 112], x=[35, 190], y=[1])
------------------------------------------------------------
Number of nodes: 35
Number of edges: 112
Average node degree: 3.20
Has isolated nodes: False
Has self-loops: False
Is undirected: True

====================================PROTEINS===================================
open file: /home/wens/Projects/GNN/data/TUDataset/PROTEINS/processed/data.pt
====================
Dataset: PROTEINS(1113):
--------------------
Number of graphs: 1113
Number of features: 3
Number of classes: 2
===========================================================
Data(edge_index=[2, 162], x=[42, 3], y=[1])
------------------------------------------------------------
Number of nodes: 42
Number of edges: 162
Average node degree: 3.86
Has isolated nodes: False
Has self-loops: False
Is undirected: True

====================================PROTEINS_full===================================
open file: /home/wens/Projects/GNN/data/TUDataset/PROTEINS_full/processed/data.pt
====================
Dataset: PROTEINS_full(1113):
--------------------
Number of graphs: 1113
Number of features: 3
Number of classes: 2
===========================================================
Data(edge_index=[2, 162], x=[42, 3], y=[1])
------------------------------------------------------------
Number of nodes: 42
Number of edges: 162
Average node degree: 3.86
Has isolated nodes: False
Has self-loops: False
Is undirected: True

