+----+---------------+---------------+----------------------+------------------+-----------------+--------------------------------+-----------------------------+-------------------------------+-------------------------------+--------------------+
|    | Name          |   Ave. degree |   Ave. shortest path |   Graph diameter |   Graph density |   Graph clustering coefficient |   Ave. closeness centrality |   Ave. betweenness centrality |   Ave. eigenvector centrality |   1-WL color count |
|----+---------------+---------------+----------------------+------------------+-----------------+--------------------------------+-----------------------------+-------------------------------+-------------------------------+--------------------|
|  0 | Mutagenicity  |       2.03799 |              4.4826  |          9.77302 |       0.0912875 |                     0.00311258 |                    0.246663 |                     0.137175  |                     0.171036  |           20.8746  |
|  1 | NCI1          |       2.15501 |              5.46978 |         13.332   |       0.0889449 |                     0.0030999  |                    0.202619 |                     0.163168  |                     0.160733  |           24.7214  |
|  2 | COIL-RAG      |       1.82772 |              1.06061 |          1.24301 |       0.92403   |                     0.590355   |                    0.943725 |                     0.0462786 |                     0.590501  |            1.31154 |
|  3 | Letter-high   |       1.88968 |              1.51733 |          2.56168 |       0.579185  |                     0.297616   |                    0.679497 |                     0.165787  |                     0.461167  |            2.99422 |
|  4 | DD            |       4.97906 |              7.97008 |         19.809   |       0.0278323 |                     0.479377   |                    0.140207 |                     0.0324963 |                     0.0342448 |          278.28    |
|  5 | PROTEINS_full |       3.73464 |              4.71238 |         11.6242  |       0.212176  |                     0.514197   |                    0.302286 |                     0.118375  |                     0.169506  |           34.469   |
|  6 | COLORS-3      |       2.92885 |              2.09457 |          4.12468 |       0.169588  |                     0.145039   |                    0.350276 |                     0.0639044 |                     0.173708  |           56.959   |
|  7 | AIDS          |       2.01287 |              3.28643 |          7.24075 |       0.193541  |                     0.00717462 |                    0.350077 |                     0.191196  |                     0.26277   |           11.8145  |
|  8 | ENZYMES       |       3.86263 |              4.44611 |         10.9227  |       0.159888  |                     0.453391   |                    0.263573 |                     0.115894  |                     0.147145  |           28.575   |
|  9 | Cuneiform     |       4.07959 |              2.24443 |          3       |       0.222233  |                     0.863415   |                    0.461347 |                     0.072291  |                     0.196302  |            2       |
+----+---------------+---------------+----------------------+------------------+-----------------+--------------------------------+-----------------------------+-------------------------------+-------------------------------+--------------------+
+----+--------------+---------------+----------------------+------------------+-----------------+--------------------------------+-----------------------------+-------------------------------+-------------------------------+--------------------+
|    | Name         |   Ave. degree |   Ave. shortest path |   Graph diameter |   Graph density |   Graph clustering coefficient |   Ave. closeness centrality |   Ave. betweenness centrality |   Ave. eigenvector centrality |   1-WL color count |
|----+--------------+---------------+----------------------+------------------+-----------------+--------------------------------+-----------------------------+-------------------------------+-------------------------------+--------------------|
|  0 | AIDS         |       2.01287 |              3.28643 |          7.24075 |       0.193541  |                    0.00717462  |                    0.350077 |                      0.191196 |                      0.26277  |           11.8145  |
|  1 | BZR          |       2.14666 |              5.15484 |         11.6568  |       0.064892  |                    8.9034e-05  |                    0.205485 |                      0.124529 |                      0.141653 |           29.6074  |
|  2 | BZR_MD       |      20.3039  |              1       |          1       |       1         |                    1           |                    1        |                      0        |                      0.220373 |            1       |
|  3 | COX2         |       2.10774 |              5.93642 |         13.7901  |       0.0529052 |                    0.000721611 |                    0.175721 |                      0.126299 |                      0.128827 |           28.0942  |
|  4 | COX2_MD      |      25.2772  |              1       |          1       |       1         |                    1           |                    1        |                      0        |                      0.195703 |            1       |
|  5 | DHFR         |       2.10236 |              6.14467 |         14.6032  |       0.0536755 |                    0           |                    0.173426 |                      0.12885  |                      0.127161 |           32.2156  |
|  6 | DHFR_MD      |      22.8677  |              1       |          1       |       1         |                    1           |                    1        |                      0        |                      0.207662 |            1       |
|  7 | ER_MD        |      20.3274  |              1       |          1       |       1         |                    1           |                    1        |                      0        |                      0.22447  |            1       |
|  8 | FRANKENSTEIN |       2.06277 |              3.65211 |          8.37798 |       0.170504  |                    0.0106826   |                    0.314815 |                      0.192361 |                      0.24321  |           13.4245  |
|  9 | MCF-7        |       2.15162 |              5.11836 |         12.3377  |       0.0980572 |                    0.00203452  |                    0.217544 |                      0.172408 |                      0.172502 |           21.4181  |
| 10 | MCF-7H       |       2.08888 |              6.13584 |         14.0155  |       0.0537228 |                    0.000582502 |                    0.177842 |                      0.119822 |                      0.122336 |           32.9756  |
| 11 | MOLT-4       |       2.14608 |              5.07929 |         12.2344  |       0.0987082 |                    0.00192461  |                    0.21833  |                      0.171441 |                      0.173429 |           21.029   |
| 12 | MOLT-4H      |       2.08585 |              6.09494 |         13.9089  |       0.0539489 |                    0.000534384 |                    0.178159 |                      0.119264 |                      0.122893 |           32.2722  |
| 13 | Mutagenicity |       2.03799 |              4.4826  |          9.77302 |       0.0912875 |                    0.00311258  |                    0.246663 |                      0.137175 |                      0.171036 |           20.8746  |
| 14 | MUTAG        |       2.18877 |              3.62615 |          8.21809 |       0.138454  |                    0           |                    0.293764 |                      0.169446 |                      0.219735 |           14.8032  |
| 15 | NCI1         |       2.15501 |              5.46978 |         13.332   |       0.0889449 |                    0.0030999   |                    0.202619 |                      0.163168 |                      0.160733 |           24.7214  |
| 16 | NCI109       |       2.15645 |              5.41467 |         13.1432  |       0.0894287 |                    0.00307324  |                    0.204111 |                      0.162423 |                      0.161759 |           24.5241  |
| 17 | NCI-H23      |       2.14516 |              5.0771  |         12.2257  |       0.0987777 |                    0.0018997   |                    0.218354 |                      0.171579 |                      0.173521 |           20.993   |
| 18 | NCI-H23H     |       2.08533 |              6.09147 |         13.9012  |       0.0539843 |                    0.000526894 |                    0.17821  |                      0.119289 |                      0.122964 |           32.2258  |
| 19 | OVCAR-8      |       2.14564 |              5.07384 |         12.2154  |       0.098773  |                    0.00189862  |                    0.218394 |                      0.171404 |                      0.173539 |           20.9856  |
| 20 | OVCAR-8H     |       2.08563 |              6.08875 |         13.8914  |       0.0539777 |                    0.000529818 |                    0.178213 |                      0.119215 |                      0.122967 |           32.2256  |
| 21 | P388         |       2.10922 |              4.5368  |         10.7381  |       0.119079  |                    0.00375447  |                    0.245996 |                      0.178954 |                      0.195822 |           17.1332  |
| 22 | P388H        |       2.06389 |              5.54076 |         12.4053  |       0.0639638 |                    0.000964219 |                    0.197131 |                      0.124012 |                      0.137324 |           26.711   |
| 23 | PC-3         |       2.15207 |              5.11501 |         12.3281  |       0.0980552 |                    0.00197331  |                    0.217582 |                      0.172549 |                      0.172561 |           21.3734  |
| 24 | PC-3H        |       2.08922 |              6.13116 |         14.0067  |       0.0537657 |                    0.000556131 |                    0.177919 |                      0.120025 |                      0.122467 |           32.8819  |
| 25 | PTC_FM       |       1.9758  |              3.31165 |          7.36676 |       0.215494  |                    0.0091221   |                    0.3693   |                      0.205588 |                      0.278614 |            9.91404 |
| 26 | PTC_FR       |       1.98631 |              3.38766 |          7.58974 |       0.208557  |                    0.00882146  |                    0.361267 |                      0.204536 |                      0.273401 |           10.2222  |
| 27 | PTC_MM       |       1.97012 |              3.30143 |          7.33929 |       0.222345  |                    0.0130582   |                    0.374488 |                      0.205964 |                      0.282344 |            9.80357 |
| 28 | PTC_MR       |       1.98054 |              3.35776 |          7.52326 |       0.213789  |                    0.00950969  |                    0.366647 |                      0.206217 |                      0.277768 |           10.0407  |
| 29 | SF-295       |       2.14549 |              5.07506 |         12.2203  |       0.0988153 |                    0.00191319  |                    0.218435 |                      0.171476 |                      0.173592 |           20.9716  |
| 30 | SF-295H      |       2.08552 |              6.08928 |         13.8963  |       0.0539896 |                    0.000529911 |                    0.17827  |                      0.119204 |                      0.122982 |           32.1961  |
| 31 | SN12C        |       2.14503 |              5.0779  |         12.2297  |       0.0987936 |                    0.00192795  |                    0.218347 |                      0.171498 |                      0.173557 |           20.9917  |
| 32 | SN12CH       |       2.08531 |              6.09259 |         13.9055  |       0.0540104 |                    0.000539049 |                    0.178194 |                      0.119269 |                      0.123008 |           32.2363  |
| 33 | SW-620       |       2.14523 |              5.07264 |         12.2153  |       0.0988746 |                    0.00185226  |                    0.2185   |                      0.171492 |                      0.173649 |           20.972   |
| 34 | SW-620H      |       2.08543 |              6.08633 |         13.8894  |       0.0540545 |                    0.000511019 |                    0.178323 |                      0.119284 |                      0.123082 |           32.1965  |
| 35 | UACC257      |       2.1457  |              5.08063 |         12.2384  |       0.098725  |                    0.00187381  |                    0.2183   |                      0.171622 |                      0.173463 |           20.9942  |
| 36 | UACC257H     |       2.08569 |              6.09442 |         13.9132  |       0.053975  |                    0.000520941 |                    0.178181 |                      0.119364 |                      0.122956 |           32.2244  |
| 37 | Yeast        |       2.09944 |              4.49279 |         10.6396  |       0.121055  |                    0.00226713  |                    0.247681 |                      0.183061 |                      0.198567 |           16.6748  |
| 38 | YeastH       |       2.05895 |              5.48175 |         12.2984  |       0.0642705 |                    0.000577357 |                    0.198387 |                      0.125466 |                      0.138482 |           26.0532  |
+----+--------------+---------------+----------------------+------------------+-----------------+--------------------------------+-----------------------------+-------------------------------+-------------------------------+--------------------+
+----+---------------+---------------+----------------------+------------------+-----------------+--------------------------------+-----------------------------+-------------------------------+-------------------------------+--------------------+
|    | Name          |   Ave. degree |   Ave. shortest path |   Graph diameter |   Graph density |   Graph clustering coefficient |   Ave. closeness centrality |   Ave. betweenness centrality |   Ave. eigenvector centrality |   1-WL color count |
|----+---------------+---------------+----------------------+------------------+-----------------+--------------------------------+-----------------------------+-------------------------------+-------------------------------+--------------------|
|  0 | DD            |       4.97906 |              7.9199  |         19.7002  |       0.0278323 |                       0.479377 |                    0.140207 |                     0.0324963 |                     0.0342448 |           278.28   |
|  1 | ENZYMES       |       3.86263 |              4.28105 |         10.4266  |       0.159888  |                       0.453391 |                    0.263573 |                     0.115894  |                     0.147145  |            28.575  |
|  2 | KKI           |       3.18568 |              3.50087 |          8.14458 |       0.179296  |                       0.352644 |                    0.335879 |                     0.12978   |                     0.175703  |            24.8193 |
|  3 | OHSU          |       4.32767 |              4.92168 |         12.6962  |       0.0822944 |                       0.38083  |                    0.240703 |                     0.0655861 |                     0.0823969 |            77.519  |
|  4 | Peking_1      |       3.55145 |              3.96811 |          9.62353 |       0.127615  |                       0.367305 |                    0.288909 |                     0.0998386 |                     0.128475  |            36.7294 |
|  5 | PROTEINS      |       3.73464 |              4.60219 |         11.2971  |       0.212176  |                       0.514197 |                    0.302286 |                     0.118375  |                     0.169506  |            34.469  |
|  6 | PROTEINS_full |       3.73464 |              4.60219 |         11.2971  |       0.212176  |                       0.514197 |                    0.302286 |                     0.118375  |                     0.169506  |            34.469  |
+----+---------------+---------------+----------------------+------------------+-----------------+--------------------------------+-----------------------------+-------------------------------+-------------------------------+--------------------+

+----+-------------+---------------+----------------------+------------------+-----------------+--------------------------------+-----------------------------+-------------------------------+-------------------------------+--------------------+
|    | Name        |   Ave. degree |   Ave. shortest path |   Graph diameter |   Graph density |   Graph clustering coefficient |   Ave. closeness centrality |   Ave. betweenness centrality |   Ave. eigenvector centrality |   1-WL color count |
|----+-------------+---------------+----------------------+------------------+-----------------+--------------------------------+-----------------------------+-------------------------------+-------------------------------+--------------------|
|  0 | COIL-DEL    |       4.67307 |              2.12875 |          4.06974 |      0.32752    |                     0.546258   |                   0.512213  |                     0.0647751 |                     0.243125  |           21.1026  |
|  1 | COIL-RAG    |       1.82772 |              1.06048 |          1.24216 |      0.92403    |                     0.590355   |                   0.943725  |                     0.0462786 |                     0.590501  |            1.31154 |
|  2 | Cuneiform   |       4.07959 |              2.24443 |          3       |      0.222233   |                     0.863415   |                   0.461347  |                     0.072291  |                     0.196302  |            2       |
|  3 | Fingerprint |       1.48686 |              2.11514 |          4.34441 |      0.439179   |                     0.00173078 |                   0.506942  |                     0.184034  |                     0.420776  |            3.65658 |
|  4 | FIRSTMM_DB  |       4.50237 |             12.309   |         30.6761  |      0.00740275 |                     0.263192   |                   0.0551743 |                     0.0188189 |                     0.0092704 |         1357.83    |
|  5 | Letter-high |       1.88968 |              1.47945 |          2.44449 |      0.579185   |                     0.297616   |                   0.679497  |                     0.165787  |                     0.461167  |            2.99422 |
|  6 | Letter-low  |       1.32135 |              1.33364 |          1.95578 |      0.416547   |                     0          |                   0.495547  |                     0.16189   |                     0.440748  |            2.47111 |
|  7 | Letter-med  |       1.35271 |              1.3502  |          2.00661 |      0.424578   |                     0.0139393  |                   0.507141  |                     0.168322  |                     0.441656  |            2.51733 |
|  8 | MSRC_9      |       4.81534 |              3.11363 |          7.00452 |      0.123587   |                     0.541298   |                   0.331026  |                     0.0552153 |                     0.136886  |           40.362   |
|  9 | MSRC_21     |       5.10239 |              4.09447 |          9.62167 |      0.0680571  |                     0.514666   |                   0.251511  |                     0.0415329 |                     0.0936633 |           77.2274  |
| 10 | MSRC_21C    |       4.78257 |              3.11376 |          6.97129 |      0.124011   |                     0.542717   |                   0.331515  |                     0.0557393 |                     0.137185  |           40.0526  |
+----+-------------+---------------+----------------------+------------------+-----------------+--------------------------------+-----------------------------+-------------------------------+-------------------------------+--------------------+
+----+--------+---------------+----------------------+------------------+-----------------+--------------------------------+-----------------------------+-------------------------------+-------------------------------+--------------------+
|    | Name   |   Ave. degree |   Ave. shortest path |   Graph diameter |   Graph density |   Graph clustering coefficient |   Ave. closeness centrality |   Ave. betweenness centrality |   Ave. eigenvector centrality |   1-WL color count |
|----+--------+---------------+----------------------+------------------+-----------------+--------------------------------+-----------------------------+-------------------------------+-------------------------------+--------------------|
|  0 | COLLAB |       37.3696 |              1.49107 |            1.864 |        0.508927 |                       0.890772 |                     0.71329 |                    0.00936033 |                      0.118175 |            32.3546 |
+----+--------+---------------+----------------------+------------------+-----------------+--------------------------------+-----------------------------+-------------------------------+-------------------------------+--------------------+
+----+-----------------+---------------+----------------------+------------------+-----------------+--------------------------------+-----------------------------+-------------------------------+-------------------------------+--------------------+
|    | Name            |   Ave. degree |   Ave. shortest path |   Graph diameter |   Graph density |   Graph clustering coefficient |   Ave. closeness centrality |   Ave. betweenness centrality |   Ave. eigenvector centrality |   1-WL color count |
|----+-----------------+---------------+----------------------+------------------+-----------------+--------------------------------+-----------------------------+-------------------------------+-------------------------------+--------------------|
|  0 | deezer_ego_nets |       4.29245 |              1.77359 |                2 |        0.226408 |                       0.510017 |                    0.579482 |                     0.0491498 |                      0.203426 |            15.3317 |
+----+-----------------+---------------+----------------------+------------------+-----------------+--------------------------------+-----------------------------+-------------------------------+-------------------------------+--------------------+
+----+-------------+---------------+----------------------+------------------+-----------------+--------------------------------+-----------------------------+-------------------------------+-------------------------------+--------------------+
|    | Name        |   Ave. degree |   Ave. shortest path |   Graph diameter |   Graph density |   Graph clustering coefficient |   Ave. closeness centrality |   Ave. betweenness centrality |   Ave. eigenvector centrality |   1-WL color count |
|----+-------------+---------------+----------------------+------------------+-----------------+--------------------------------+-----------------------------+-------------------------------+-------------------------------+--------------------|
|  0 | IMDB-BINARY |        8.8859 |              1.47938 |            1.861 |        0.520618 |                       0.947076 |                    0.707882 |                     0.0299374 |                       0.22342 |              4.864 |
+----+-------------+---------------+----------------------+------------------+-----------------+--------------------------------+-----------------------------+-------------------------------+-------------------------------+--------------------+
+----+------------+---------------+----------------------+------------------+-----------------+--------------------------------+-----------------------------+-------------------------------+-------------------------------+--------------------+
|    | Name       |   Ave. degree |   Ave. shortest path |   Graph diameter |   Graph density |   Graph clustering coefficient |   Ave. closeness centrality |   Ave. betweenness centrality |   Ave. eigenvector centrality |   1-WL color count |
|----+------------+---------------+----------------------+------------------+-----------------+--------------------------------+-----------------------------+-------------------------------+-------------------------------+--------------------|
|  0 | IMDB-MULTI |       8.10117 |              1.22751 |            1.474 |        0.772489 |                       0.969144 |                    0.855537 |                     0.0190082 |                      0.297316 |              2.592 |
+----+------------+---------------+----------------------+------------------+-----------------+--------------------------------+-----------------------------+-------------------------------+-------------------------------+--------------------+
+----+---------------+---------------+----------------------+------------------+-----------------+--------------------------------+-----------------------------+-------------------------------+-------------------------------+--------------------+
|    | Name          |   Ave. degree |   Ave. shortest path |   Graph diameter |   Graph density |   Graph clustering coefficient |   Ave. closeness centrality |   Ave. betweenness centrality |   Ave. eigenvector centrality |   1-WL color count |
|----+---------------+---------------+----------------------+------------------+-----------------+--------------------------------+-----------------------------+-------------------------------+-------------------------------+--------------------|
|  0 | REDDIT-BINARY |       2.33793 |              2.11739 |          4.83694 |        0.021805 |                      0.0476274 |                    0.308245 |                     0.0186099 |                     0.0530772 |            169.596 |
+----+---------------+---------------+----------------------+------------------+-----------------+--------------------------------+-----------------------------+-------------------------------+-------------------------------+--------------------+
+----+--------------+---------------+----------------------+------------------+-----------------+--------------------------------+-----------------------------+-------------------------------+-------------------------------+--------------------+
|    | Name         |   Ave. degree |   Ave. shortest path |   Graph diameter |   Graph density |   Graph clustering coefficient |   Ave. closeness centrality |   Ave. betweenness centrality |   Ave. eigenvector centrality |   1-WL color count |
|----+--------------+---------------+----------------------+------------------+-----------------+--------------------------------+-----------------------------+-------------------------------+-------------------------------+--------------------|
|  0 | COLORS-3     |       2.92885 |              2.58103 |          5.27577 |       0.169588  |                      0.145039  |                    0.350276 |                     0.0639044 |                     0.173708  |            56.959  |
|  1 | SYNTHETIC    |       3.92    |              3.50646 |          7       |       0.039596  |                      0.0203095 |                    0.289339 |                     0.0255762 |                     0.0831548 |           100      |
|  2 | SYNTHETICnew |       3.925   |              3.48726 |          7.27483 |       0.0396465 |                      0.0229497 |                    0.289442 |                     0.0255428 |                     0.0836273 |            99.9633 |
|  3 | Synthie      |       3.62104 |              2.63487 |          5.49485 |       0.0384204 |                      0.0937036 |                    0.276618 |                     0.0231922 |                     0.0786633 |            90.6125 |
|  4 | TRIANGLES    |       3.14049 |              2.26338 |          4.5575  |       0.241614  |                      0.228635  |                    0.437403 |                     0.0821216 |                     0.22618   |            19.8837 |
+----+--------------+---------------+----------------------+------------------+-----------------+--------------------------------+-----------------------------+-------------------------------+-------------------------------+--------------------+
+----+----------------------------+---------------+----------------------+------------------+-----------------+--------------------------------+-----------------------------+-------------------------------+-------------------------------+--------------------+
|    | Name                       |   Ave. degree |   Ave. shortest path |   Graph diameter |   Graph density |   Graph clustering coefficient |   Ave. closeness centrality |   Ave. betweenness centrality |   Ave. eigenvector centrality |   1-WL color count |
|----+----------------------------+---------------+----------------------+------------------+-----------------+--------------------------------+-----------------------------+-------------------------------+-------------------------------+--------------------|
|  0 | REDDIT-MULTI-5K            |       2.25008 |              1.95756 |          4.36836 |      0.00879041 |                      0.0266352 |                    0.265323 |                     0.0102743 |                     0.0327211 |           234.513  |
|  1 | REDDIT-MULTI-12K           |       2.27707 |              2.15259 |          4.90553 |      0.0179253  |                      0.0330929 |                    0.277052 |                     0.0181881 |                     0.0469876 |           181.976  |
|  2 | reddit_threads             |       2.01472 |              2.42785 |          4.57806 |      0.117135   |                      0.0467274 |                    0.449626 |                     0.0806454 |                     0.189721  |            10.6937 |
|  3 | twitch_egos                |       5.39684 |              1.79783 |          2       |      0.202172   |                      0.549391  |                    0.56856  |                     0.033604  |                     0.166216  |            20.6283 |
|  4 | TWITTER-Real-Graph-Partial |       2.10313 |              1.23042 |          1.67101 |      0.763842   |                      0.42473   |                    0.839879 |                     0.107093  |                     0.522325  |             2.2147 |
+----+----------------------------+---------------+----------------------+------------------+-----------------+--------------------------------+-----------------------------+-------------------------------+-------------------------------+--------------------+
