Parameters
+----+---------------+---------------+----------------------+
|    | Name          |   Ave. degree |   Ave. shortest path |
|----+---------------+---------------+----------------------|
|  0 | FRANKENSTEIN  |       2.06277 |              3.65211 |
|  1 | NCI1          |       2.15501 |              5.46978 |
|  2 | COIL-RAG      |       1.82772 |              1.06061 |
|  3 | Letter-high   |       1.88968 |              1.51733 |
|  4 | DD            |       4.97906 |              7.97008 |
|  5 | PROTEINS_full |       3.73464 |              4.71238 |
|  6 | COLORS-3      |       2.92885 |              2.09457 |
+----+---------------+---------------+----------------------+
+----+---------------+------------------------------+
|    | Name          |   Ave. generalization  error |
|----+---------------+------------------------------|
|  0 | FRANKENSTEIN  |                  -0.00152301 |
|  1 | NCI1          |                   0.0479319  |
|  2 | COIL-RAG      |                  -0.00426281 |
|  3 | Letter-high   |                   0.0513333  |
|  4 | DD            |                   0.148319   |
|  5 | PROTEINS_full |                  -0.0213031  |
|  6 | COLORS-3      |                   0.0089881  |
+----+---------------+------------------------------+
